This is pdfTeX, Version 3.14159265-2.6-1.40.15 (TeX Live 2014) (preloaded format=pdflatex 2014.5.25)  28 JUN 2016 13:05
entering extended mode
 restricted \write18 enabled.
 file:line:error style messages enabled.
 %&-line parsing enabled.
**main.tex
(./main.tex
LaTeX2e <2014/05/01>
Babel <3.9k> and hyphenation patterns for 78 languages loaded.
(./usfmanus.cls
Document Class: usfmanus 1999/11/12 v1999.6 
 University of South Florida Manuscript Class
(/usr/local/texlive/2014/texmf-dist/tex/latex/setspace/setspace.sty
Package: setspace 2011/12/19 v6.7a set line spacing
)
(/usr/local/texlive/2014/texmf-dist/tex/latex/base/size12.clo
File: size12.clo 2007/10/19 v1.4h Standard LaTeX file (size option)
)
\c@chapter=\count79
\c@section=\count80
\c@subsection=\count81
\c@subsubsection=\count82
\c@paragraph=\count83
\c@subparagraph=\count84
\appendixheadheight=\skip41
\appendixheadsep=\skip42
\appendixfirsthead=\box26
\abovecaptionskip=\skip43
\belowcaptionskip=\skip44
\c@figure=\count85
\c@table=\count86
\bibindent=\dimen102
\andcount=\count87
\totalmembers=\count88
\majorcount=\count89
\membercount=\count90
\siglinelength=\skip45
\@majorproftitlelength=\skip46
\@majorprofnamelength=\skip47
)
(/usr/local/texlive/2014/texmf-dist/tex/latex/geometry/geometry.sty
Package: geometry 2010/09/12 v5.6 Page Geometry

(/usr/local/texlive/2014/texmf-dist/tex/latex/graphics/keyval.sty
Package: keyval 2014/05/08 v1.15 key=value parser (DPC)
\KV@toks@=\toks14
)
(/usr/local/texlive/2014/texmf-dist/tex/generic/oberdiek/ifpdf.sty
Package: ifpdf 2011/01/30 v2.3 Provides the ifpdf switch (HO)
Package ifpdf Info: pdfTeX in PDF mode is detected.
)
(/usr/local/texlive/2014/texmf-dist/tex/generic/oberdiek/ifvtex.sty
Package: ifvtex 2010/03/01 v1.5 Detect VTeX and its facilities (HO)
Package ifvtex Info: VTeX not detected.
)
(/usr/local/texlive/2014/texmf-dist/tex/generic/ifxetex/ifxetex.sty
Package: ifxetex 2010/09/12 v0.6 Provides ifxetex conditional
)
\Gm@cnth=\count91
\Gm@cntv=\count92
\c@Gm@tempcnt=\count93
\Gm@bindingoffset=\dimen103
\Gm@wd@mp=\dimen104
\Gm@odd@mp=\dimen105
\Gm@even@mp=\dimen106
\Gm@layoutwidth=\dimen107
\Gm@layoutheight=\dimen108
\Gm@layouthoffset=\dimen109
\Gm@layoutvoffset=\dimen110
\Gm@dimlist=\toks15
)
(/usr/local/texlive/2014/texmf-dist/tex/latex/amscls/amsthm.sty
Package: amsthm 2004/08/06 v2.20
\thm@style=\toks16
\thm@bodyfont=\toks17
\thm@headfont=\toks18
\thm@notefont=\toks19
\thm@headpunct=\toks20
\thm@preskip=\skip48
\thm@postskip=\skip49
\thm@headsep=\skip50
\dth@everypar=\toks21
)
(/usr/local/texlive/2014/texmf-dist/tex/latex/amsmath/amsmath.sty
Package: amsmath 2013/01/14 v2.14 AMS math features
\@mathmargin=\skip51

For additional information on amsmath, use the `?' option.
(/usr/local/texlive/2014/texmf-dist/tex/latex/amsmath/amstext.sty
Package: amstext 2000/06/29 v2.01

(/usr/local/texlive/2014/texmf-dist/tex/latex/amsmath/amsgen.sty
File: amsgen.sty 1999/11/30 v2.0
\@emptytoks=\toks22
\ex@=\dimen111
))
(/usr/local/texlive/2014/texmf-dist/tex/latex/amsmath/amsbsy.sty
Package: amsbsy 1999/11/29 v1.2d
\pmbraise@=\dimen112
)
(/usr/local/texlive/2014/texmf-dist/tex/latex/amsmath/amsopn.sty
Package: amsopn 1999/12/14 v2.01 operator names
)
\inf@bad=\count94
LaTeX Info: Redefining \frac on input line 210.
\uproot@=\count95
\leftroot@=\count96
LaTeX Info: Redefining \overline on input line 306.
\classnum@=\count97
\DOTSCASE@=\count98
LaTeX Info: Redefining \ldots on input line 378.
LaTeX Info: Redefining \dots on input line 381.
LaTeX Info: Redefining \cdots on input line 466.
\Mathstrutbox@=\box27
\strutbox@=\box28
\big@size=\dimen113
LaTeX Font Info:    Redeclaring font encoding OML on input line 566.
LaTeX Font Info:    Redeclaring font encoding OMS on input line 567.
\macc@depth=\count99
\c@MaxMatrixCols=\count100
\dotsspace@=\muskip10
\c@parentequation=\count101
\dspbrk@lvl=\count102
\tag@help=\toks23
\row@=\count103
\column@=\count104
\maxfields@=\count105
\andhelp@=\toks24
\eqnshift@=\dimen114
\alignsep@=\dimen115
\tagshift@=\dimen116
\tagwidth@=\dimen117
\totwidth@=\dimen118
\lineht@=\dimen119
\@envbody=\toks25
\multlinegap=\skip52
\multlinetaggap=\skip53
\mathdisplay@stack=\toks26
LaTeX Info: Redefining \[ on input line 2665.
LaTeX Info: Redefining \] on input line 2666.
)
(/usr/local/texlive/2014/texmf-dist/tex/latex/amsfonts/amssymb.sty
Package: amssymb 2013/01/14 v3.01 AMS font symbols

(/usr/local/texlive/2014/texmf-dist/tex/latex/amsfonts/amsfonts.sty
Package: amsfonts 2013/01/14 v3.01 Basic AMSFonts support
\symAMSa=\mathgroup4
\symAMSb=\mathgroup5
LaTeX Font Info:    Overwriting math alphabet `\mathfrak' in version `bold'
(Font)                  U/euf/m/n --> U/euf/b/n on input line 106.
))
(/usr/local/texlive/2014/texmf-dist/tex/latex/base/alltt.sty
Package: alltt 1997/06/16 v2.0g defines alltt environment
)
(/usr/local/texlive/2014/texmf-dist/tex/latex/url/url.sty
\Urlmuskip=\muskip11
Package: url 2013/09/16  ver 3.4  Verb mode for urls, etc.
)
(/usr/local/texlive/2014/texmf-dist/tex/latex/tools/verbatim.sty
Package: verbatim 2003/08/22 v1.5q LaTeX2e package for verbatim enhancements
\every@verbatim=\toks27
\verbatim@line=\toks28
\verbatim@in@stream=\read1
)
(/usr/local/texlive/2014/texmf-dist/tex/latex/float/float.sty
Package: float 2001/11/08 v1.3d Float enhancements (AL)
\c@float@type=\count106
\float@exts=\toks29
\float@box=\box29
\@float@everytoks=\toks30
\@floatcapt=\box30
)
(/usr/local/texlive/2014/texmf-dist/tex/latex/graphics/graphics.sty
Package: graphics 2009/02/05 v1.0o Standard LaTeX Graphics (DPC,SPQR)

(/usr/local/texlive/2014/texmf-dist/tex/latex/graphics/trig.sty
Package: trig 1999/03/16 v1.09 sin cos tan (DPC)
)
(/usr/local/texlive/2014/texmf-dist/tex/latex/latexconfig/graphics.cfg
File: graphics.cfg 2010/04/23 v1.9 graphics configuration of TeX Live
)
Package graphics Info: Driver file: pdftex.def on input line 91.

(/usr/local/texlive/2014/texmf-dist/tex/latex/pdftex-def/pdftex.def
File: pdftex.def 2011/05/27 v0.06d Graphics/color for pdfTeX

(/usr/local/texlive/2014/texmf-dist/tex/generic/oberdiek/infwarerr.sty
Package: infwarerr 2010/04/08 v1.3 Providing info/warning/error messages (HO)
)
(/usr/local/texlive/2014/texmf-dist/tex/generic/oberdiek/ltxcmds.sty
Package: ltxcmds 2011/11/09 v1.22 LaTeX kernel commands for general use (HO)
)
\Gread@gobject=\count107
))
(/usr/local/texlive/2014/texmf-dist/tex/latex/graphics/graphicx.sty
Package: graphicx 2014/04/25 v1.0g Enhanced LaTeX Graphics (DPC,SPQR)
\Gin@req@height=\dimen120
\Gin@req@width=\dimen121
)
(/usr/local/texlive/2014/texmf-dist/tex/latex/leftidx/leftidx.sty
Package: leftidx 2003/09/24 v1.03 Left indices
)
(/usr/local/texlive/2014/texmf-dist/tex/latex/graphics/epsfig.sty
Package: epsfig 1999/02/16 v1.7a (e)psfig emulation (SPQR)
\epsfxsize=\dimen122
\epsfysize=\dimen123
)
(/usr/local/texlive/2014/texmf-dist/tex/latex/base/fixltx2e.sty
Package: fixltx2e 2014/05/13 v1.1q fixes to LaTeX
LaTeX Info: Redefining \em on input line 429.
LaTeX Info: The control sequence `\[' is already robust on input line 480.
LaTeX Info: The control sequence `\]' is already robust on input line 481.
)
(/usr/local/texlive/2014/texmf-dist/tex/generic/babel/babel.sty
Package: babel 2014/03/24 3.9k The Babel package

(/usr/local/texlive/2014/texmf-dist/tex/generic/babel-english/english.ldf
Language: english 2012/08/20 v3.3p English support from the babel system

(/usr/local/texlive/2014/texmf-dist/tex/generic/babel/babel.def
File: babel.def 2014/03/24 3.9k Babel common definitions
\babel@savecnt=\count108
\U@D=\dimen124
)
\l@canadian = a dialect from \language\l@american 
\l@australian = a dialect from \language\l@british 
\l@newzealand = a dialect from \language\l@british 
))
(/usr/local/texlive/2014/texmf-dist/tex/latex/multirow/multirow.sty
\bigstrutjot=\dimen125
)
(/usr/local/texlive/2014/texmf-dist/tex/latex/enumitem/enumitem.sty
Package: enumitem 2011/09/28 v3.5.2 Customized lists
\labelindent=\skip54
\enit@outerparindent=\dimen126
\enit@toks=\toks31
\enit@inbox=\box31
\enitdp@description=\count109
)
(/usr/local/texlive/2014/texmf-dist/tex/latex/algorithm2e/algorithm2e.sty
Package: algorithm2e 2013/01/06 v5.00 algorithms environments
\c@AlgoLine=\count110

(/usr/local/texlive/2014/texmf-dist/tex/latex/base/ifthen.sty
Package: ifthen 2001/05/26 v1.1c Standard LaTeX ifthen package (DPC)
)
(/usr/local/texlive/2014/texmf-dist/tex/latex/tools/xspace.sty
Package: xspace 2009/10/20 v1.13 Space after command names (DPC,MH)
)
(/usr/local/texlive/2014/texmf-dist/tex/latex/relsize/relsize.sty
Package: relsize 2013/03/29 ver 4.1
)
********************************************************
Package `algorithm2e' Release 5.0 -- january 06 2013 --
- algorithm2e-announce@lirmm.fr mailing list for announcement about releases
- algorithm2e-discussion@lirmm.fr mailing list for discussion about package
subscribe by emailing sympa@lirmm.fr with 'subscribe <list> <firstname name>'
- Author: Christophe Fiorio (cfiorio@um2.fr)
********************************************************
\skiptotal=\skip55
\skiplinenumber=\skip56
\skiprule=\skip57
\skiphlne=\skip58
\skiptext=\skip59
\skiplength=\skip60
\algomargin=\skip61
\skipalgocfslide=\skip62
\algowidth=\dimen127
\inoutsize=\dimen128
\inoutindent=\dimen129
\interspacetitleruled=\dimen130
\interspacealgoruled=\dimen131
\interspacetitleboxruled=\dimen132
\algocf@inoutbox=\box32
\algocf@inputbox=\box33
\AlCapSkip=\skip63
\AlCapHSkip=\skip64
\algoskipindent=\skip65
\algocf@nlbox=\box34
\algocf@hangingbox=\box35
\algocf@untilbox=\box36
\algocf@skipuntil=\skip66
\algocf@capbox=\box37
\algoheightruledefault=\skip67
\algoheightrule=\skip68
\algotitleheightruledefault=\skip69
\algotitleheightrule=\skip70
\c@algocfline=\count111
\c@algocfproc=\count112
\c@algocf=\count113
\algocf@algoframe=\box38
\algocf@algobox=\box39
) (/usr/local/texlive/2014/texmf-dist/tex/latex/koma-script/scrextend.sty
Package: scrextend 2013/12/19 v3.12 KOMA-Script KOMA-Script package (extend oth
er classes with features of KOMA-Script classes)

(/usr/local/texlive/2014/texmf-dist/tex/latex/koma-script/scrkbase.sty
Package: scrkbase 2013/12/19 v3.12 KOMA-Script package (KOMA-Script-dependent b
asics and keyval usage)

(/usr/local/texlive/2014/texmf-dist/tex/latex/koma-script/scrbase.sty
Package: scrbase 2013/12/19 v3.12 KOMA-Script package (KOMA-Script-independent 
basics and keyval usage)

(/usr/local/texlive/2014/texmf-dist/tex/latex/koma-script/scrlfile.sty
Package: scrlfile 2013/12/19 v3.12 KOMA-Script package (loading files)

Package scrlfile, 2013/12/19 v3.12 KOMA-Script package (loading files)
                  Copyright (C) Markus Kohm

)))
LaTeX Info: Redefining \textsubscript on input line 1150.
) (/usr/local/texlive/2014/texmf-dist/tex/latex/psnfss/pifont.sty
Package: pifont 2005/04/12 PSNFSS-v9.2a Pi font support (SPQR) 
LaTeX Font Info:    Try loading font information for U+pzd on input line 63.

(/usr/local/texlive/2014/texmf-dist/tex/latex/psnfss/upzd.fd
File: upzd.fd 2001/06/04 font definitions for U/pzd.
)
LaTeX Font Info:    Try loading font information for U+psy on input line 64.

(/usr/local/texlive/2014/texmf-dist/tex/latex/psnfss/upsy.fd
File: upsy.fd 2001/06/04 font definitions for U/psy.
))
No file main.aux.
\openout1 = `main.aux'.

LaTeX Font Info:    Checking defaults for OML/cmm/m/it on input line 68.
LaTeX Font Info:    ... okay on input line 68.
LaTeX Font Info:    Checking defaults for T1/cmr/m/n on input line 68.
LaTeX Font Info:    ... okay on input line 68.
LaTeX Font Info:    Checking defaults for OT1/cmr/m/n on input line 68.
LaTeX Font Info:    ... okay on input line 68.
LaTeX Font Info:    Checking defaults for OMS/cmsy/m/n on input line 68.
LaTeX Font Info:    ... okay on input line 68.
LaTeX Font Info:    Checking defaults for OMX/cmex/m/n on input line 68.
LaTeX Font Info:    ... okay on input line 68.
LaTeX Font Info:    Checking defaults for U/cmr/m/n on input line 68.
LaTeX Font Info:    ... okay on input line 68.
LaTeX Font Info:    Try loading font information for OMS+cmr on input line 68.
(/usr/local/texlive/2014/texmf-dist/tex/latex/base/omscmr.fd
File: omscmr.fd 1999/05/25 v2.5h Standard LaTeX font definitions
)
LaTeX Font Info:    Font shape `OMS/cmr/m/n' in size <12> not available
(Font)              Font shape `OMS/cmsy/m/n' tried instead on input line 68.
 [1.1{/usr/local/texlive/2014/texmf-var/fonts/map/pdftex/updmap/pdftex.map}]
Overfull \hbox (0.69289pt too wide) in paragraph at lines 68--68
\OT1/cmr/m/n/12 Jae-won Jang or pro-vid-ing me with un-fail-ing sup-port and co
n-tin-u-ous en-cour-age-ment through-
 []

[2.2

] (./main.toc)
\tf@toc=\write3
\openout3 = `main.toc'.

 [1.3

] (./main.lot)
\tf@lot=\write4
\openout4 = `main.lot'.

 [2.4

] (./main.lof)
\tf@lof=\write5
\openout5 = `main.lof'.

 [3.5

] [4.6

]
*geometry* driver: auto-detecting
*geometry* detected driver: pdftex
*geometry* verbose mode - [ preamble ] result:
* driver: pdftex
* paper: <default>
* layout: <same size as paper>
* layoutoffset:(h,v)=(0.0pt,0.0pt)
* modes: 
* h-part:(L,W,R)=(72.26999pt, 469.75502pt, 72.26999pt)
* v-part:(T,H,B)=(72.26999pt, 650.43001pt, 72.26999pt)
* \paperwidth=614.295pt
* \paperheight=794.96999pt
* \textwidth=469.75502pt
* \textheight=650.43001pt
* \oddsidemargin=0.0pt
* \evensidemargin=0.0pt
* \topmargin=0.0pt
* \headheight=0.0pt
* \headsep=0.0pt
* \topskip=12.0pt
* \footskip=30.0pt
* \marginparwidth=0.0pt
* \marginparsep=10.0pt
* \columnsep=0.0pt
* \skip\footins=10.8pt plus 4.0pt minus 2.0pt
* \hoffset=0.0pt
* \voffset=0.0pt
* \mag=1000
* \@twocolumnfalse
* \@twosidefalse
* \@mparswitchfalse
* \@reversemarginfalse
* (1in=72.27pt=25.4mm, 1cm=28.453pt)

(/usr/local/texlive/2014/texmf-dist/tex/context/base/supp-pdf.mkii
[Loading MPS to PDF converter (version 2006.09.02).]
\scratchcounter=\count114
\scratchdimen=\dimen133
\scratchbox=\box40
\nofMPsegments=\count115
\nofMParguments=\count116
\everyMPshowfont=\toks32
\MPscratchCnt=\count117
\MPscratchDim=\dimen134
\MPnumerator=\count118
\makeMPintoPDFobject=\count119
\everyMPtoPDFconversion=\toks33
) (/usr/local/texlive/2014/texmf-dist/tex/generic/oberdiek/pdftexcmds.sty
Package: pdftexcmds 2011/11/29 v0.20 Utility functions of pdfTeX for LuaTeX (HO
)

(/usr/local/texlive/2014/texmf-dist/tex/generic/oberdiek/ifluatex.sty
Package: ifluatex 2010/03/01 v1.3 Provides the ifluatex switch (HO)
Package ifluatex Info: LuaTeX not detected.
)
Package pdftexcmds Info: LuaTeX not detected.
Package pdftexcmds Info: \pdf@primitive is available.
Package pdftexcmds Info: \pdf@ifprimitive is available.
Package pdftexcmds Info: \pdfdraftmode found.
)
(/usr/local/texlive/2014/texmf-dist/tex/latex/oberdiek/epstopdf-base.sty
Package: epstopdf-base 2010/02/09 v2.5 Base part for package epstopdf

(/usr/local/texlive/2014/texmf-dist/tex/latex/oberdiek/grfext.sty
Package: grfext 2010/08/19 v1.1 Manage graphics extensions (HO)

(/usr/local/texlive/2014/texmf-dist/tex/generic/oberdiek/kvdefinekeys.sty
Package: kvdefinekeys 2011/04/07 v1.3 Define keys (HO)
))
(/usr/local/texlive/2014/texmf-dist/tex/latex/oberdiek/kvoptions.sty
Package: kvoptions 2011/06/30 v3.11 Key value format for package options (HO)

(/usr/local/texlive/2014/texmf-dist/tex/generic/oberdiek/kvsetkeys.sty
Package: kvsetkeys 2012/04/25 v1.16 Key value parser (HO)

(/usr/local/texlive/2014/texmf-dist/tex/generic/oberdiek/etexcmds.sty
Package: etexcmds 2011/02/16 v1.5 Avoid name clashes with e-TeX commands (HO)
Package etexcmds Info: Could not find \expanded.
(etexcmds)             That can mean that you are not using pdfTeX 1.50 or
(etexcmds)             that some package has redefined \expanded.
(etexcmds)             In the latter case, load this package earlier.
)))
Package grfext Info: Graphics extension search list:
(grfext)             [.png,.pdf,.jpg,.mps,.jpeg,.jbig2,.jb2,.PNG,.PDF,.JPG,.JPE
G,.JBIG2,.JB2,.eps]
(grfext)             \AppendGraphicsExtensions on input line 452.

(/usr/local/texlive/2014/texmf-dist/tex/latex/latexconfig/epstopdf-sys.cfg
File: epstopdf-sys.cfg 2010/07/13 v1.3 Configuration of (r)epstopdf for TeX Liv
e
))
CHAPTER 1. Introduction

LaTeX Warning: Citation `white2004process' on page 1 undefined on input line 11
6.


LaTeX Warning: Reference `ICdesign' on page 1 undefined on input line 122.

<integrated_circuit_design.png, id=24, 328.1058pt x 530.9436pt>
File: integrated_circuit_design.png Graphic file (type png)

<use integrated_circuit_design.png>
Package pdftex.def Info: integrated_circuit_design.png used on input line 136.
(pdftex.def)             Requested size: 234.8775pt x 380.09167pt.


LaTeX Warning: Citation `white2004process' on page 1 undefined on input line 13
7.


LaTeX Warning: `h' float specifier changed to `ht'.

LaTeX Font Info:    Try loading font information for U+msa on input line 146.
(/usr/local/texlive/2014/texmf-dist/tex/latex/amsfonts/umsa.fd
File: umsa.fd 2013/01/14 v3.01 AMS symbols A
)
LaTeX Font Info:    Try loading font information for U+msb on input line 146.

(/usr/local/texlive/2014/texmf-dist/tex/latex/amsfonts/umsb.fd
File: umsb.fd 2013/01/14 v3.01 AMS symbols B
)

LaTeX Warning: Citation `foster2013design' on page 1 undefined on input line 14
7.


LaTeX Warning: Citation `validationWall' on page 1 undefined on input line 149.


[1.7


]

LaTeX Warning: Citation `liu2014trace' on page 2 undefined on input line 171.

[2.8 <./integrated_circuit_design.png (PNG copy)>]

LaTeX Warning: Reference `debugt' on page 3 undefined on input line 205.


LaTeX Warning: Citation `Abramovici:2006:RDI:1146909.1146916' on page 3 undefin
ed on input line 209.

<debugtime.png, id=32, 670.505pt x 355.3275pt>
File: debugtime.png Graphic file (type png)
 <use debugtime.png>
Package pdftex.def Info: debugtime.png used on input line 212.
(pdftex.def)             Requested size: 328.82707pt x 174.25838pt.
 [3.9]

LaTeX Warning: Citation `1003792' on page 4 undefined on input line 225.


LaTeX Warning: Citation `leatherman2003processor' on page 4 undefined on input 
line 228.


LaTeX Warning: Citation `nicolici2009design' on page 4 undefined on input line 
251.

[4.10 <./debugtime.png>] <scanchains.png, id=42, 822.07124pt x 474.77374pt>
File: scanchains.png Graphic file (type png)

<use scanchains.png>
Package pdftex.def Info: scanchains.png used on input line 256.
(pdftex.def)             Requested size: 422.77664pt x 244.1671pt.


LaTeX Warning: Citation `nicolici2009design' on page 5 undefined on input line 
257.


LaTeX Warning: Reference `sss' on page 5 undefined on input line 261.

[5.11 <./scanchains.png>]

LaTeX Warning: Reference `tb' on page 6 undefined on input line 292.

<tracebuffer.png, id=47, 923.45pt x 483.8075pt>
File: tracebuffer.png Graphic file (type png)
 <use tracebuffer.png>
Package pdftex.def Info: tracebuffer.png used on input line 296.
(pdftex.def)             Requested size: 422.77664pt x 221.49847pt.


LaTeX Warning: Citation `nicolici2009design' on page 6 undefined on input line 
297.

[6.12 <./tracebuffer.png>]

LaTeX Warning: Citation `abramovici2006reconfigurable' on page 7 undefined on i
nput line 320.


LaTeX Warning: Citation `anis2007interactive' on page 7 undefined on input line
 320.


LaTeX Warning: Citation `Goossens2007NOCS' on page 7 undefined on input line 32
8.


LaTeX Warning: Citation `Vermeulen2009VLSI-DAT' on page 7 undefined on input li
ne 336.


LaTeX Warning: Citation `Goossens2009DATE' on page 7 undefined on input line 33
6.


LaTeX Warning: Citation `Gharehbaghi2012ISQED' on page 7 undefined on input lin
e 342.


LaTeX Warning: Citation `Dehbash2014' on page 7 undefined on input line 357.


LaTeX Warning: Citation `Gharehbaghi2009ICCD' on page 7 undefined on input line
 359.


LaTeX Warning: Citation `Boule2007ISQED' on page 7 undefined on input line 365.


[7.13]

LaTeX Warning: Citation `Singerman2011DAC' on page 8 undefined on input line 36
8.


LaTeX Warning: Citation `Abarbanel2014DAC' on page 8 undefined on input line 38
5.

[8.14]

LaTeX Warning: Citation `Goossens2007NOCS' on page 9 undefined on input line 44
6.

[9.15] [10.16]
CHAPTER 2. Background

LaTeX Warning: Citation `lsctocpn' on page 11 undefined on input line 517.

<figures/bpmn-flow-ex.pdf, id=66, 204.8303pt x 210.48256pt>
File: figures/bpmn-flow-ex.pdf Graphic file (type pdf)

<use figures/bpmn-flow-ex.pdf>
Package pdftex.def Info: figures/bpmn-flow-ex.pdf used on input line 529.
(pdftex.def)             Requested size: 234.8775pt x 241.35931pt.


LaTeX Warning: Citation `Krstic14HOST' on page 11 undefined on input line 530.


LaTeX Warning: `h' float specifier changed to `ht'.


LaTeX Warning: Reference `flowa' on page 11 undefined on input line 534.


LaTeX Warning: Citation `white2004process' on page 11 undefined on input line 5
39.

[11.17

]

LaTeX Warning: Citation `lsctocpn' on page 12 undefined on input line 560.

[12.18 <./figures/bpmn-flow-ex.pdf>]
<livesc.png, id=315, 573.14125pt x 439.6425pt>
File: livesc.png Graphic file (type png)
 <use livesc.png>
Package pdftex.def Info: livesc.png used on input line 564.
(pdftex.def)             Requested size: 361.34999pt x 277.18419pt.


LaTeX Warning: Reference `flowa' on page 13 undefined on input line 565.


LaTeX Warning: Reference `livesequence' on page 13 undefined on input line 568.



LaTeX Warning: Reference `flowa' on page 13 undefined on input line 568.


LaTeX Warning: Reference `flowa' on page 13 undefined on input line 570.

[13.19 <./livesc.png>]

LaTeX Warning: Reference `flowa' on page 14 undefined on input line 615.


LaTeX Warning: Reference `changedb' on page 14 undefined on input line 616.

<try.pdf, id=321, 927.465pt x 665.48625pt>
File: try.pdf Graphic file (type pdf)
 <use try.pdf>
Package pdftex.def Info: try.pdf used on input line 626.
(pdftex.def)             Requested size: 328.82707pt x 235.9497pt.


LaTeX Warning: Reference `flowa' on page 14 undefined on input line 627.


LaTeX Warning: `h' float specifier changed to `ht'.


LaTeX Warning: Reference `changedb' on page 14 undefined on input line 640.

[14.20] [15.21 <./try.pdf>] [16.22]
CHAPTER 3. Flow Guided Trace Interpretation
[17.23

] [18.24] [19.25]

LaTeX Warning: Reference `algo:compliance' on page 20 undefined on input line 8
45.


LaTeX Warning: `h' float specifier changed to `ht'.

[20.26] [21.27]

LaTeX Warning: Reference `changedb' on page 22 undefined on input line 944.

[22.28

] [23.29]

LaTeX Warning: Reference `eq:1' on page 24 undefined on input line 1034.


LaTeX Warning: Reference `eq:2' on page 24 undefined on input line 1039.

[24.30] [25.31]
CHAPTER 4. Trace Analysis Under Partial Observability
[26.32

]

LaTeX Warning: Reference `eq:8' on page 27 undefined on input line 1170.

[27.33] [28.34]

LaTeX Warning: Reference `algo:gene' on page 29 undefined on input line 1338.


LaTeX Warning: `h' float specifier changed to `ht'.


LaTeX Warning: `h' float specifier changed to `ht'.


LaTeX Warning: Reference `map' on page 29 undefined on input line 1469.

[29.35] [30.36]

LaTeX Warning: Reference `func' on page 31 undefined on input line 1477.

[31.37] [32.38]

LaTeX Warning: Reference `algo:compliance' on page 33 undefined on input line 1
498.


LaTeX Warning: Citation `nicolici' on page 33 undefined on input line 1514.


LaTeX Warning: Citation `basu' on page 33 undefined on input line 1514.


LaTeX Warning: Citation `forestMa' on page 33 undefined on input line 1545.

[33.39

]

LaTeX Warning: Citation `forestMa' on page 34 undefined on input line 1549.


LaTeX Warning: Citation `signalselect' on page 34 undefined on input line 1553.


[34.40] [35.41]
CHAPTER 5. Case Studies
<Gem5.png, id=402, 599.23875pt x 588.1975pt>
File: Gem5.png Graphic file (type png)
 <use Gem5.png>
Package pdftex.def Info: Gem5.png used on input line 1620.
(pdftex.def)             Requested size: 289.07999pt x 283.75864pt.


LaTeX Warning: Citation `Binkert2011' on page 36 undefined on input line 1627.


LaTeX Warning: Reference `SoC' on page 36 undefined on input line 1630.


LaTeX Warning: Citation `gem5' on page 36 undefined on input line 1663.


LaTeX Warning: Citation `gem5' on page 36 undefined on input line 1667.

[36.42

] [37.43 <./Gem5.png>]

LaTeX Warning: Reference `SoC' on page 38 undefined on input line 1679.


LaTeX Warning: Citation `gem5' on page 38 undefined on input line 1680.


LaTeX Warning: Reference `table-results' on page 38 undefined on input line 170
1.


LaTeX Warning: `h' float specifier changed to `ht'.


LaTeX Warning: Reference `table-case-2' on page 38 undefined on input line 1740
.

[38.44]

LaTeX Warning: Reference `table-par-obs' on page 39 undefined on input line 177
2.


LaT